CUBE
1,10,10,10,0,10,-10,10,0,-10,-10,10
0,-10,10,10,0,10,10,10,1,10,10,-10
0,10,-10,-10,0,-10,-10,-10,0,-10,10,-10
0,10,10,-10,1,10,10,10,0,10,10,-10
1,10,-10,10,0,10,-10,-10
1,-10,-10,10,0,-10,-10,-10
1,-10,10,10,0,-10,10,-10
2,0,0,0

PYRAMID
1,10,10,10,0,-10,10,10,0,-10,10,-10
0,10,10,-10,0,10,10,10,0,0,-10,0
0,-10,10,-10,1,-10,10,10,0,0,-10,0
0,10,10,-10
2,0,0,0

HOUSE
1,10,10,10,0,10,-10,10,0,0,-20,10
0,-10,-10,10,0,-10,10,10,0,10,10,10
0,10,10,-10,0,10,-10,-10,0,0,-20,-10
0,-10,-10,-10,0,-10,10,-10,0,10,10,-10
1,10,-10,10,0,10,-10,-10,1,-10,-10,10
0,-10,-10,-10,1,-10,10,10,0,-10,10,-10
1,0,-20,10,0,0,-20,-10,1,7,-7,-10
0,2,-7,-10,0,2,-2,-10,0,7,-2,-10
0,7,-7,-10,1,-8,10,-10,0,-8,0,-10
0,-2,0,-10,0,-2,10,-10
2,0,0,0

TOWER
1,10,10,10,0,-10,10,10,0,-10,10,-10
0,10,10,-10,0,10,10,10,0,5,5,5
0,-5,5,5,0,-5,5,-5,0,5,5,-5,0,5,5,5
1,-5,5,5,0,-10,10,10,1,-5,5,-5
0,-10,10,-10,1,10,10,-10,0,5,5,-5
0,3,-5,-3,0,-3,-5,-3,0,-3,-5,3
0,3,-5,3,0,3,-5,-3,1,3,-5,3,0,5,5,5
1,-3,-5,3,0,-5,5,5,1,-3,-5,-3
0,-5,5,-5,1,10,14,10,0,-10,14,10
0,-10,14,-10,0,10,14,-10,0,10,14,10
0,10,10,10,1,10,14,-10,0,10,10,-10
1,-10,14,-10,0,-10,10,-10,1,-10,14,10
0,-10,10,10,1,-14,14,14,0,14,14,14
0,14,14,-14,0,-14,14,-14,0,-14,14,14
1,3,-5,3,0,0,-12,0,0,-3,-5,3
1,-3,-5,-3,0,0,-12,0,0,3,-5,-3
2,0,0,0

TRIANGLE
1,10,10,10,0,-10,10,10,0,0,10,-10
0,10,10,10,0,0,-10,0,0,-10,10,10
1,0,-10,0,0,0,10,-10
2,0,0,0

